[1 of 1] Compiling Main             ( /tmp/cabal-tmp-23097/linear-1.20.3/dist/dist-sandbox-4ede7def/setup/setup.hs, /tmp/cabal-tmp-23097/linear-1.20.3/dist/dist-sandbox-4ede7def/setup/Main.o )
Linking /tmp/cabal-tmp-23097/linear-1.20.3/dist/dist-sandbox-4ede7def/setup/setup ...
Configuring linear-1.20.3...
Building linear-1.20.3...
Preprocessing library linear-1.20.3...
[ 1 of 22] Compiling Linear.Instances ( src/Linear/Instances.hs, dist/dist-sandbox-4ede7def/build/Linear/Instances.o )
[ 2 of 22] Compiling Linear.Vector    ( src/Linear/Vector.hs, dist/dist-sandbox-4ede7def/build/Linear/Vector.o )
[ 3 of 22] Compiling Linear.Epsilon   ( src/Linear/Epsilon.hs, dist/dist-sandbox-4ede7def/build/Linear/Epsilon.o )
[ 4 of 22] Compiling Linear.Metric    ( src/Linear/Metric.hs, dist/dist-sandbox-4ede7def/build/Linear/Metric.o )
[ 5 of 22] Compiling Linear.V0        ( src/Linear/V0.hs, dist/dist-sandbox-4ede7def/build/Linear/V0.o )
[ 6 of 22] Compiling Linear.V1        ( src/Linear/V1.hs, dist/dist-sandbox-4ede7def/build/Linear/V1.o )
[ 7 of 22] Compiling Linear.V2        ( src/Linear/V2.hs, dist/dist-sandbox-4ede7def/build/Linear/V2.o )
[ 8 of 22] Compiling Linear.V3        ( src/Linear/V3.hs, dist/dist-sandbox-4ede7def/build/Linear/V3.o )
[ 9 of 22] Compiling Linear.V4        ( src/Linear/V4.hs, dist/dist-sandbox-4ede7def/build/Linear/V4.o )
[10 of 22] Compiling Linear.Plucker   ( src/Linear/Plucker.hs, dist/dist-sandbox-4ede7def/build/Linear/Plucker.o )
[11 of 22] Compiling Linear.V         ( src/Linear/V.hs, dist/dist-sandbox-4ede7def/build/Linear/V.o )
[12 of 22] Compiling Linear.Plucker.Coincides ( src/Linear/Plucker/Coincides.hs, dist/dist-sandbox-4ede7def/build/Linear/Plucker/Coincides.o )
[13 of 22] Compiling Linear.Conjugate ( src/Linear/Conjugate.hs, dist/dist-sandbox-4ede7def/build/Linear/Conjugate.o )
[14 of 22] Compiling Linear.Quaternion ( src/Linear/Quaternion.hs, dist/dist-sandbox-4ede7def/build/Linear/Quaternion.o )
[15 of 22] Compiling Linear.Trace     ( src/Linear/Trace.hs, dist/dist-sandbox-4ede7def/build/Linear/Trace.o )
[16 of 22] Compiling Linear.Matrix    ( src/Linear/Matrix.hs, dist/dist-sandbox-4ede7def/build/Linear/Matrix.o )
[17 of 22] Compiling Linear.Projection ( src/Linear/Projection.hs, dist/dist-sandbox-4ede7def/build/Linear/Projection.o )
[18 of 22] Compiling Linear.Affine    ( src/Linear/Affine.hs, dist/dist-sandbox-4ede7def/build/Linear/Affine.o )
[19 of 22] Compiling Linear.Binary    ( src/Linear/Binary.hs, dist/dist-sandbox-4ede7def/build/Linear/Binary.o )
[20 of 22] Compiling Linear.Algebra   ( src/Linear/Algebra.hs, dist/dist-sandbox-4ede7def/build/Linear/Algebra.o )
[21 of 22] Compiling Linear.Covector  ( src/Linear/Covector.hs, dist/dist-sandbox-4ede7def/build/Linear/Covector.o )
[22 of 22] Compiling Linear           ( src/Linear.hs, dist/dist-sandbox-4ede7def/build/Linear.o )
In-place registering linear-1.20.3...
Creating package registration file:
/tmp/pkgConf-linear-1.208594844211914544919.3
Installing library in
/home/skyvier/Programming/haskell/projects/TimeSeries/.cabal-sandbox/lib/x86_64-linux-ghc-7.10.3/linear-1.20.3-JzYra67fId34zf5N07T1il
Registering linear-1.20.3...
